<?xml version="1.0" encoding="UTF-8"?>
<testsuite name="SILab2Test" tests="2" skipped="0" failures="0" errors="0" timestamp="2021-05-28T03:40:44" hostname="DESKTOP-AE4K3TK" time="0.175">
  <properties/>
  <testcase name="function2()" classname="SILab2Test" time="0.139"/>
  <testcase name="function()" classname="SILab2Test" time="0.031"/>
  <system-out><![CDATA[]]></system-out>
  <system-err><![CDATA[]]></system-err>
</testsuite>
